<?xml version="1.0" encoding="UTF-8"?>
<testsuite xmlns:xsi="http://www.w3.org/2001/XMLSchema-instance" xsi:noNamespaceSchemaLocation="https://maven.apache.org/surefire/maven-surefire-plugin/xsd/surefire-test-report.xsd" name="TestSuite" time="44.429" tests="1" errors="0" skipped="0" failures="0">
  <properties>
    <property name="sun.desktop" value="windows"/>
    <property name="awt.toolkit" value="sun.awt.windows.WToolkit"/>
    <property name="file.encoding.pkg" value="sun.io"/>
    <property name="java.specification.version" value="1.8"/>
    <property name="sun.cpu.isalist" value="amd64"/>
    <property name="sun.jnu.encoding" value="Cp1252"/>
    <property name="java.class.path" value="D:\ProjectSelenium\Appium_Framework\target\test-classes;D:\ProjectSelenium\Appium_Framework\target\classes;C:\Users\hp\.m2\repository\io\rest-assured\rest-assured\3.0.2\rest-assured-3.0.2.jar;C:\Users\hp\.m2\repository\org\codehaus\groovy\groovy\2.4.6\groovy-2.4.6.jar;C:\Users\hp\.m2\repository\org\codehaus\groovy\groovy-xml\2.4.6\groovy-xml-2.4.6.jar;C:\Users\hp\.m2\repository\org\apache\httpcomponents\httpclient\4.5.2\httpclient-4.5.2.jar;C:\Users\hp\.m2\repository\org\apache\httpcomponents\httpmime\4.5.1\httpmime-4.5.1.jar;C:\Users\hp\.m2\repository\org\hamcrest\hamcrest-core\1.3\hamcrest-core-1.3.jar;C:\Users\hp\.m2\repository\org\ccil\cowan\tagsoup\tagsoup\1.2.1\tagsoup-1.2.1.jar;C:\Users\hp\.m2\repository\io\rest-assured\json-path\3.0.2\json-path-3.0.2.jar;C:\Users\hp\.m2\repository\org\codehaus\groovy\groovy-json\2.4.6\groovy-json-2.4.6.jar;C:\Users\hp\.m2\repository\io\rest-assured\rest-assured-common\3.0.2\rest-assured-common-3.0.2.jar;C:\Users\hp\.m2\repository\io\rest-assured\xml-path\3.0.2\xml-path-3.0.2.jar;C:\Users\hp\.m2\repository\org\hamcrest\hamcrest-library\1.3\hamcrest-library-1.3.jar;C:\Users\hp\.m2\repository\com\google\code\gson\gson\2.8.0\gson-2.8.0.jar;C:\Users\hp\.m2\repository\org\apache\commons\commons-lang3\3.4\commons-lang3-3.4.jar;C:\Users\hp\.m2\repository\mysql\mysql-connector-java\5.1.39\mysql-connector-java-5.1.39.jar;C:\Users\hp\.m2\repository\net\sourceforge\javydreamercsw\MySQL-Driver\0.1\MySQL-Driver-0.1.jar;C:\Users\hp\.m2\repository\org\netbeans\api\org-netbeans-api-annotations-common\RELEASE74\org-netbeans-api-annotations-common-RELEASE74.jar;C:\Users\hp\.m2\repository\org\netbeans\api\org-openide-modules\RELEASE74\org-openide-modules-RELEASE74.jar;C:\Users\hp\.m2\repository\org\netbeans\api\org-openide-util-lookup\RELEASE74\org-openide-util-lookup-RELEASE74.jar;C:\Users\hp\.m2\repository\org\netbeans\api\org-openide-util\RELEASE74\org-openide-util-RELEASE74.jar;C:\Users\hp\.m2\repository\org\netbeans\api\org-netbeans-modules-db\RELEASE74\org-netbeans-modules-db-RELEASE74.jar;C:\Users\hp\.m2\repository\org\netbeans\api\org-netbeans-api-progress\RELEASE74\org-netbeans-api-progress-RELEASE74.jar;C:\Users\hp\.m2\repository\org\netbeans\api\org-netbeans-core-ide\RELEASE74\org-netbeans-core-ide-RELEASE74.jar;C:\Users\hp\.m2\repository\org\netbeans\modules\org-netbeans-core-ui\RELEASE74\org-netbeans-core-ui-RELEASE74.jar;C:\Users\hp\.m2\repository\org\netbeans\modules\org-netbeans-core\RELEASE74\org-netbeans-core-RELEASE74.jar;C:\Users\hp\.m2\repository\org\netbeans\modules\org-netbeans-bootstrap\RELEASE74\org-netbeans-bootstrap-RELEASE74.jar;C:\Users\hp\.m2\repository\org\netbeans\modules\org-netbeans-core-startup\RELEASE74\org-netbeans-core-startup-RELEASE74.jar;C:\Users\hp\.m2\repository\org\netbeans\api\org-netbeans-swing-plaf\RELEASE74\org-netbeans-swing-plaf-RELEASE74.jar;C:\Users\hp\.m2\repository\org\netbeans\api\org-netbeans-modules-options-api\RELEASE74\org-netbeans-modules-options-api-RELEASE74.jar;C:\Users\hp\.m2\repository\org\netbeans\api\org-netbeans-modules-sampler\RELEASE74\org-netbeans-modules-sampler-RELEASE74.jar;C:\Users\hp\.m2\repository\org\netbeans\modules\org-netbeans-modules-db-metadata-model\RELEASE74\org-netbeans-modules-db-metadata-model-RELEASE74.jar;C:\Users\hp\.m2\repository\org\netbeans\api\org-netbeans-modules-javahelp\RELEASE74\org-netbeans-modules-javahelp-RELEASE74.jar;C:\Users\hp\.m2\repository\org\netbeans\api\org-netbeans-spi-quicksearch\RELEASE74\org-netbeans-spi-quicksearch-RELEASE74.jar;C:\Users\hp\.m2\repository\javax\help\javahelp\2.0.05\javahelp-2.0.05.jar;C:\Users\hp\.m2\repository\org\netbeans\api\org-netbeans-modules-keyring\RELEASE74\org-netbeans-modules-keyring-RELEASE74.jar;C:\Users\hp\.m2\repository\org\netbeans\api\org-netbeans-modules-project-libraries\RELEASE74\org-netbeans-modules-project-libraries-RELEASE74.jar;C:\Users\hp\.m2\repository\org\netbeans\api\org-netbeans-modules-projectapi\RELEASE74\org-netbeans-modules-projectapi-RELEASE74.jar;C:\Users\hp\.m2\repository\org\netbeans\api\org-netbeans-modules-projectuiapi\RELEASE74\org-netbeans-modules-projectuiapi-RELEASE74.jar;C:\Users\hp\.m2\repository\org\netbeans\api\org-openide-awt\RELEASE74\org-openide-awt-RELEASE74.jar;C:\Users\hp\.m2\repository\org\netbeans\api\org-openide-dialogs\RELEASE74\org-openide-dialogs-RELEASE74.jar;C:\Users\hp\.m2\repository\org\netbeans\api\org-openide-explorer\RELEASE74\org-openide-explorer-RELEASE74.jar;C:\Users\hp\.m2\repository\org\netbeans\api\org-netbeans-swing-outline\RELEASE74\org-netbeans-swing-outline-RELEASE74.jar;C:\Users\hp\.m2\repository\org\netbeans\api\org-netbeans-swing-tabcontrol\RELEASE74\org-netbeans-swing-tabcontrol-RELEASE74.jar;C:\Users\hp\.m2\repository\org\netbeans\api\org-openide-filesystems\RELEASE74\org-openide-filesystems-RELEASE74.jar;C:\Users\hp\.m2\repository\org\netbeans\api\org-openide-io\RELEASE74\org-openide-io-RELEASE74.jar;C:\Users\hp\.m2\repository\org\netbeans\api\org-openide-loaders\RELEASE74\org-openide-loaders-RELEASE74.jar;C:\Users\hp\.m2\repository\org\netbeans\api\org-netbeans-modules-editor-mimelookup\RELEASE74\org-netbeans-modules-editor-mimelookup-RELEASE74.jar;C:\Users\hp\.m2\repository\org\netbeans\api\org-netbeans-modules-queries\RELEASE74\org-netbeans-modules-queries-RELEASE74.jar;C:\Users\hp\.m2\repository\org\netbeans\api\org-openide-actions\RELEASE74\org-openide-actions-RELEASE74.jar;C:\Users\hp\.m2\repository\org\netbeans\api\org-openide-text\RELEASE74\org-openide-text-RELEASE74.jar;C:\Users\hp\.m2\repository\org\netbeans\api\org-openide-nodes\RELEASE74\org-openide-nodes-RELEASE74.jar;C:\Users\hp\.m2\repository\org\netbeans\external\ddl\RELEASE74\ddl-RELEASE74.jar;C:\Users\hp\.m2\repository\org\netbeans\api\org-openide-windows\RELEASE74\org-openide-windows-RELEASE74.jar;C:\Users\hp\.m2\repository\org\json\json\20190722\json-20190722.jar;C:\Users\hp\.m2\repository\com\googlecode\json-simple\json-simple\1.1\json-simple-1.1.jar;C:\Users\hp\.m2\repository\org\jbundle\util\osgi\org.jbundle.util.osgi\1.1.1\org.jbundle.util.osgi-1.1.1.jar;C:\Users\hp\.m2\repository\org\apache\maven\plugins\maven-resources-plugin\2.2\maven-resources-plugin-2.2.jar;C:\Users\hp\.m2\repository\org\apache\maven\maven-plugin-api\2.0\maven-plugin-api-2.0.jar;C:\Users\hp\.m2\repository\org\apache\maven\maven-model\2.0\maven-model-2.0.jar;C:\Users\hp\.m2\repository\com\opencsv\opencsv\3.8\opencsv-3.8.jar;C:\Users\hp\.m2\repository\commons-beanutils\commons-beanutils\1.9.2\commons-beanutils-1.9.2.jar;C:\Users\hp\.m2\repository\org\apache\commons\commons-csv\1.4\commons-csv-1.4.jar;C:\Users\hp\.m2\repository\org\apache\maven\maven-project\2.2.1\maven-project-2.2.1.jar;C:\Users\hp\.m2\repository\org\apache\maven\maven-settings\2.2.1\maven-settings-2.2.1.jar;C:\Users\hp\.m2\repository\org\apache\maven\maven-profile\2.2.1\maven-profile-2.2.1.jar;C:\Users\hp\.m2\repository\org\apache\maven\maven-artifact-manager\2.2.1\maven-artifact-manager-2.2.1.jar;C:\Users\hp\.m2\repository\org\apache\maven\maven-repository-metadata\2.2.1\maven-repository-metadata-2.2.1.jar;C:\Users\hp\.m2\repository\org\apache\maven\wagon\wagon-provider-api\1.0-beta-6\wagon-provider-api-1.0-beta-6.jar;C:\Users\hp\.m2\repository\backport-util-concurrent\backport-util-concurrent\3.1\backport-util-concurrent-3.1.jar;C:\Users\hp\.m2\repository\org\apache\maven\maven-plugin-registry\2.2.1\maven-plugin-registry-2.2.1.jar;C:\Users\hp\.m2\repository\org\codehaus\plexus\plexus-interpolation\1.11\plexus-interpolation-1.11.jar;C:\Users\hp\.m2\repository\org\codehaus\plexus\plexus-utils\1.5.15\plexus-utils-1.5.15.jar;C:\Users\hp\.m2\repository\org\apache\maven\maven-artifact\2.2.1\maven-artifact-2.2.1.jar;C:\Users\hp\.m2\repository\org\codehaus\plexus\plexus-container-default\1.0-alpha-9-stable-1\plexus-container-default-1.0-alpha-9-stable-1.jar;C:\Users\hp\.m2\repository\classworlds\classworlds\1.1-alpha-2\classworlds-1.1-alpha-2.jar;C:\Users\hp\.m2\repository\com\sun\mail\javax.mail\1.5.5\javax.mail-1.5.5.jar;C:\Users\hp\.m2\repository\javax\activation\activation\1.1\activation-1.1.jar;C:\Users\hp\.m2\repository\net\sourceforge\javacsv\javacsv\2.0\javacsv-2.0.jar;C:\Users\hp\.m2\repository\org\slf4j\slf4j-log4j12\1.7.12\slf4j-log4j12-1.7.12.jar;C:\Users\hp\.m2\repository\org\slf4j\slf4j-api\1.7.12\slf4j-api-1.7.12.jar;C:\Users\hp\.m2\repository\org\apache\logging\log4j\log4j-core\2.13.1\log4j-core-2.13.1.jar;C:\Users\hp\.m2\repository\org\apache\logging\log4j\log4j-api\2.13.1\log4j-api-2.13.1.jar;C:\Users\hp\.m2\repository\log4j\log4j\1.2.17\log4j-1.2.17.jar;C:\Users\hp\.m2\repository\org\seleniumhq\selenium\selenium-java\3.14.0\selenium-java-3.14.0.jar;C:\Users\hp\.m2\repository\org\seleniumhq\selenium\selenium-api\3.14.0\selenium-api-3.14.0.jar;C:\Users\hp\.m2\repository\org\seleniumhq\selenium\selenium-chrome-driver\3.14.0\selenium-chrome-driver-3.14.0.jar;C:\Users\hp\.m2\repository\org\seleniumhq\selenium\selenium-edge-driver\3.14.0\selenium-edge-driver-3.14.0.jar;C:\Users\hp\.m2\repository\org\seleniumhq\selenium\selenium-firefox-driver\3.14.0\selenium-firefox-driver-3.14.0.jar;C:\Users\hp\.m2\repository\org\seleniumhq\selenium\selenium-ie-driver\3.14.0\selenium-ie-driver-3.14.0.jar;C:\Users\hp\.m2\repository\org\seleniumhq\selenium\selenium-opera-driver\3.14.0\selenium-opera-driver-3.14.0.jar;C:\Users\hp\.m2\repository\org\seleniumhq\selenium\selenium-remote-driver\3.14.0\selenium-remote-driver-3.14.0.jar;C:\Users\hp\.m2\repository\org\seleniumhq\selenium\selenium-safari-driver\3.14.0\selenium-safari-driver-3.14.0.jar;C:\Users\hp\.m2\repository\org\seleniumhq\selenium\selenium-support\3.14.0\selenium-support-3.14.0.jar;C:\Users\hp\.m2\repository\net\bytebuddy\byte-buddy\1.8.15\byte-buddy-1.8.15.jar;C:\Users\hp\.m2\repository\org\apache\commons\commons-exec\1.3\commons-exec-1.3.jar;C:\Users\hp\.m2\repository\commons-codec\commons-codec\1.10\commons-codec-1.10.jar;C:\Users\hp\.m2\repository\commons-logging\commons-logging\1.2\commons-logging-1.2.jar;C:\Users\hp\.m2\repository\com\google\guava\guava\25.0-jre\guava-25.0-jre.jar;C:\Users\hp\.m2\repository\com\google\code\findbugs\jsr305\1.3.9\jsr305-1.3.9.jar;C:\Users\hp\.m2\repository\org\checkerframework\checker-compat-qual\2.0.0\checker-compat-qual-2.0.0.jar;C:\Users\hp\.m2\repository\com\google\errorprone\error_prone_annotations\2.1.3\error_prone_annotations-2.1.3.jar;C:\Users\hp\.m2\repository\com\google\j2objc\j2objc-annotations\1.1\j2objc-annotations-1.1.jar;C:\Users\hp\.m2\repository\org\codehaus\mojo\animal-sniffer-annotations\1.14\animal-sniffer-annotations-1.14.jar;C:\Users\hp\.m2\repository\org\apache\httpcomponents\httpcore\4.4.9\httpcore-4.4.9.jar;C:\Users\hp\.m2\repository\com\squareup\okhttp3\okhttp\3.10.0\okhttp-3.10.0.jar;C:\Users\hp\.m2\repository\com\squareup\okio\okio\1.14.1\okio-1.14.1.jar;C:\Users\hp\.m2\repository\com\codeborne\phantomjsdriver\1.4.1\phantomjsdriver-1.4.1.jar;C:\Users\hp\.m2\repository\org\seleniumhq\selenium\selenium-server\3.4.0\selenium-server-3.4.0.jar;C:\Users\hp\.m2\repository\cglib\cglib-nodep\3.2.4\cglib-nodep-3.2.4.jar;C:\Users\hp\.m2\repository\commons-io\commons-io\2.5\commons-io-2.5.jar;C:\Users\hp\.m2\repository\org\w3c\css\sac\1.3\sac-1.3.jar;C:\Users\hp\.m2\repository\net\sourceforge\cssparser\cssparser\0.9.22\cssparser-0.9.22.jar;C:\Users\hp\.m2\repository\net\sourceforge\htmlunit\htmlunit\2.26\htmlunit-2.26.jar;C:\Users\hp\.m2\repository\net\sourceforge\htmlunit\htmlunit-core-js\2.26\htmlunit-core-js-2.26.jar;C:\Users\hp\.m2\repository\net\sourceforge\htmlunit\neko-htmlunit\2.25\neko-htmlunit-2.25.jar;C:\Users\hp\.m2\repository\net\jcip\jcip-annotations\1.0\jcip-annotations-1.0.jar;C:\Users\hp\.m2\repository\org\seleniumhq\selenium\jetty-repacked\9.4.1.v20170120\jetty-repacked-9.4.1.v20170120.jar;C:\Users\hp\.m2\repository\org\eclipse\jetty\jetty-io\9.4.1.v20170120\jetty-io-9.4.1.v20170120.jar;C:\Users\hp\.m2\repository\org\eclipse\jetty\jetty-util\9.4.1.v20170120\jetty-util-9.4.1.v20170120.jar;C:\Users\hp\.m2\repository\net\java\dev\jna\jna\4.1.0\jna-4.1.0.jar;C:\Users\hp\.m2\repository\net\java\dev\jna\jna-platform\4.1.0\jna-platform-4.1.0.jar;C:\Users\hp\.m2\repository\junit\junit\4.12\junit-4.12.jar;C:\Users\hp\.m2\repository\org\seleniumhq\selenium\htmlunit-driver\2.26\htmlunit-driver-2.26.jar;C:\Users\hp\.m2\repository\javax\servlet\javax.servlet-api\3.1.0\javax.servlet-api-3.1.0.jar;C:\Users\hp\.m2\repository\org\eclipse\jetty\websocket\websocket-api\9.4.3.v20170317\websocket-api-9.4.3.v20170317.jar;C:\Users\hp\.m2\repository\org\eclipse\jetty\websocket\websocket-client\9.4.3.v20170317\websocket-client-9.4.3.v20170317.jar;C:\Users\hp\.m2\repository\org\eclipse\jetty\jetty-client\9.4.3.v20170317\jetty-client-9.4.3.v20170317.jar;C:\Users\hp\.m2\repository\org\eclipse\jetty\jetty-http\9.4.3.v20170317\jetty-http-9.4.3.v20170317.jar;C:\Users\hp\.m2\repository\org\eclipse\jetty\websocket\websocket-common\9.4.3.v20170317\websocket-common-9.4.3.v20170317.jar;C:\Users\hp\.m2\repository\xalan\serializer\2.7.2\serializer-2.7.2.jar;C:\Users\hp\.m2\repository\xalan\xalan\2.7.2\xalan-2.7.2.jar;C:\Users\hp\.m2\repository\xerces\xercesImpl\2.11.0\xercesImpl-2.11.0.jar;C:\Users\hp\.m2\repository\xml-apis\xml-apis\1.4.01\xml-apis-1.4.01.jar;C:\Users\hp\.m2\repository\org\yaml\snakeyaml\1.15\snakeyaml-1.15.jar;C:\Users\hp\.m2\repository\com\jayway\jsonpath\json-path\2.2.0\json-path-2.2.0.jar;C:\Users\hp\.m2\repository\net\minidev\json-smart\2.2.1\json-smart-2.2.1.jar;C:\Users\hp\.m2\repository\net\minidev\accessors-smart\1.1\accessors-smart-1.1.jar;C:\Users\hp\.m2\repository\io\github\bonigarcia\webdrivermanager\3.3.0\webdrivermanager-3.3.0.jar;C:\Users\hp\.m2\repository\org\rauschig\jarchivelib\1.0.0\jarchivelib-1.0.0.jar;C:\Users\hp\.m2\repository\org\apache\commons\commons-compress\1.18\commons-compress-1.18.jar;C:\Users\hp\.m2\repository\org\jsoup\jsoup\1.11.3\jsoup-1.11.3.jar;C:\Users\hp\.m2\repository\org\seleniumhq\selenium\selenium-htmlunit-driver\2.52.0\selenium-htmlunit-driver-2.52.0.jar;C:\Users\hp\.m2\repository\commons-collections\commons-collections\3.2.2\commons-collections-3.2.2.jar;C:\Users\hp\.m2\repository\ru\yandex\qatools\ashot\ashot\1.5.3\ashot-1.5.3.jar;C:\Users\hp\.m2\repository\com\googlecode\lambdaj\lambdaj\2.3.3\lambdaj-2.3.3.jar;C:\Users\hp\.m2\repository\org\hamcrest\hamcrest-all\1.1\hamcrest-all-1.1.jar;C:\Users\hp\.m2\repository\org\objenesis\objenesis\1.2\objenesis-1.2.jar;C:\Users\hp\.m2\repository\com\jcraft\jsch\0.1.54\jsch-0.1.54.jar;C:\Users\hp\.m2\repository\com\beust\jcommander\1.27\jcommander-1.27.jar;C:\Users\hp\.m2\repository\org\testng\testng\6.9.10\testng-6.9.10.jar;C:\Users\hp\.m2\repository\org\beanshell\bsh\2.0b4\bsh-2.0b4.jar;C:\Users\hp\.m2\repository\org\seleniumhq\selenium\selenium-android-driver\2.39.0\selenium-android-driver-2.39.0.jar;C:\Users\hp\.m2\repository\io\appium\java-client\7.3.0\java-client-7.3.0.jar;C:\Users\hp\.m2\repository\cglib\cglib\3.2.12\cglib-3.2.12.jar;C:\Users\hp\.m2\repository\org\ow2\asm\asm\7.1\asm-7.1.jar;C:\Users\hp\.m2\repository\commons-validator\commons-validator\1.6\commons-validator-1.6.jar;C:\Users\hp\.m2\repository\commons-digester\commons-digester\1.8.1\commons-digester-1.8.1.jar;C:\Users\hp\.m2\repository\org\springframework\spring-context\5.1.8.RELEASE\spring-context-5.1.8.RELEASE.jar;C:\Users\hp\.m2\repository\org\springframework\spring-aop\5.1.8.RELEASE\spring-aop-5.1.8.RELEASE.jar;C:\Users\hp\.m2\repository\org\springframework\spring-beans\5.1.8.RELEASE\spring-beans-5.1.8.RELEASE.jar;C:\Users\hp\.m2\repository\org\springframework\spring-core\5.1.8.RELEASE\spring-core-5.1.8.RELEASE.jar;C:\Users\hp\.m2\repository\org\springframework\spring-jcl\5.1.8.RELEASE\spring-jcl-5.1.8.RELEASE.jar;C:\Users\hp\.m2\repository\org\springframework\spring-expression\5.1.8.RELEASE\spring-expression-5.1.8.RELEASE.jar;C:\Users\hp\.m2\repository\org\aspectj\aspectjweaver\1.9.4\aspectjweaver-1.9.4.jar;C:\Users\hp\.m2\repository\org\apache\poi\poi\3.17\poi-3.17.jar;C:\Users\hp\.m2\repository\org\apache\commons\commons-collections4\4.1\commons-collections4-4.1.jar;C:\Users\hp\.m2\repository\com\aventstack\extentreports\4.1.2\extentreports-4.1.2.jar;C:\Users\hp\.m2\repository\org\freemarker\freemarker\2.3.29\freemarker-2.3.29.jar;C:\Users\hp\.m2\repository\org\mongodb\mongodb-driver\3.12.0\mongodb-driver-3.12.0.jar;C:\Users\hp\.m2\repository\org\mongodb\mongodb-driver-core\3.12.0\mongodb-driver-core-3.12.0.jar;C:\Users\hp\.m2\repository\org\mongodb\bson\3.12.0\bson-3.12.0.jar;C:\Users\hp\.m2\repository\org\apache\poi\poi-ooxml\3.17\poi-ooxml-3.17.jar;C:\Users\hp\.m2\repository\org\apache\poi\poi-ooxml-schemas\3.17\poi-ooxml-schemas-3.17.jar;C:\Users\hp\.m2\repository\org\apache\xmlbeans\xmlbeans\2.6.0\xmlbeans-2.6.0.jar;C:\Users\hp\.m2\repository\stax\stax-api\1.0.1\stax-api-1.0.1.jar;C:\Users\hp\.m2\repository\com\github\virtuald\curvesapi\1.04\curvesapi-1.04.jar;"/>
    <property name="java.vm.vendor" value="Oracle Corporation"/>
    <property name="sun.arch.data.model" value="64"/>
    <property name="user.variant" value=""/>
    <property name="java.vendor.url" value="http://java.oracle.com/"/>
    <property name="user.timezone" value="Asia/Calcutta"/>
    <property name="java.vm.specification.version" value="1.8"/>
    <property name="os.name" value="Windows 10"/>
    <property name="user.country" value="IN"/>
    <property name="sun.java.launcher" value="SUN_STANDARD"/>
    <property name="sun.boot.library.path" value="C:\Program Files\Java\jre1.8.0_231\bin"/>
    <property name="sun.java.command" value="C:\Users\hp\AppData\Local\Temp\surefire3581693315782668675\surefirebooter4167420013977807122.jar C:\Users\hp\AppData\Local\Temp\surefire3581693315782668675 2020-12-14T12-00-11_553-jvmRun1 surefire3871072615766436200tmp surefire_09101917315758327789tmp"/>
    <property name="surefire.test.class.path" value="D:\ProjectSelenium\Appium_Framework\target\test-classes;D:\ProjectSelenium\Appium_Framework\target\classes;C:\Users\hp\.m2\repository\io\rest-assured\rest-assured\3.0.2\rest-assured-3.0.2.jar;C:\Users\hp\.m2\repository\org\codehaus\groovy\groovy\2.4.6\groovy-2.4.6.jar;C:\Users\hp\.m2\repository\org\codehaus\groovy\groovy-xml\2.4.6\groovy-xml-2.4.6.jar;C:\Users\hp\.m2\repository\org\apache\httpcomponents\httpclient\4.5.2\httpclient-4.5.2.jar;C:\Users\hp\.m2\repository\org\apache\httpcomponents\httpmime\4.5.1\httpmime-4.5.1.jar;C:\Users\hp\.m2\repository\org\hamcrest\hamcrest-core\1.3\hamcrest-core-1.3.jar;C:\Users\hp\.m2\repository\org\ccil\cowan\tagsoup\tagsoup\1.2.1\tagsoup-1.2.1.jar;C:\Users\hp\.m2\repository\io\rest-assured\json-path\3.0.2\json-path-3.0.2.jar;C:\Users\hp\.m2\repository\org\codehaus\groovy\groovy-json\2.4.6\groovy-json-2.4.6.jar;C:\Users\hp\.m2\repository\io\rest-assured\rest-assured-common\3.0.2\rest-assured-common-3.0.2.jar;C:\Users\hp\.m2\repository\io\rest-assured\xml-path\3.0.2\xml-path-3.0.2.jar;C:\Users\hp\.m2\repository\org\hamcrest\hamcrest-library\1.3\hamcrest-library-1.3.jar;C:\Users\hp\.m2\repository\com\google\code\gson\gson\2.8.0\gson-2.8.0.jar;C:\Users\hp\.m2\repository\org\apache\commons\commons-lang3\3.4\commons-lang3-3.4.jar;C:\Users\hp\.m2\repository\mysql\mysql-connector-java\5.1.39\mysql-connector-java-5.1.39.jar;C:\Users\hp\.m2\repository\net\sourceforge\javydreamercsw\MySQL-Driver\0.1\MySQL-Driver-0.1.jar;C:\Users\hp\.m2\repository\org\netbeans\api\org-netbeans-api-annotations-common\RELEASE74\org-netbeans-api-annotations-common-RELEASE74.jar;C:\Users\hp\.m2\repository\org\netbeans\api\org-openide-modules\RELEASE74\org-openide-modules-RELEASE74.jar;C:\Users\hp\.m2\repository\org\netbeans\api\org-openide-util-lookup\RELEASE74\org-openide-util-lookup-RELEASE74.jar;C:\Users\hp\.m2\repository\org\netbeans\api\org-openide-util\RELEASE74\org-openide-util-RELEASE74.jar;C:\Users\hp\.m2\repository\org\netbeans\api\org-netbeans-modules-db\RELEASE74\org-netbeans-modules-db-RELEASE74.jar;C:\Users\hp\.m2\repository\org\netbeans\api\org-netbeans-api-progress\RELEASE74\org-netbeans-api-progress-RELEASE74.jar;C:\Users\hp\.m2\repository\org\netbeans\api\org-netbeans-core-ide\RELEASE74\org-netbeans-core-ide-RELEASE74.jar;C:\Users\hp\.m2\repository\org\netbeans\modules\org-netbeans-core-ui\RELEASE74\org-netbeans-core-ui-RELEASE74.jar;C:\Users\hp\.m2\repository\org\netbeans\modules\org-netbeans-core\RELEASE74\org-netbeans-core-RELEASE74.jar;C:\Users\hp\.m2\repository\org\netbeans\modules\org-netbeans-bootstrap\RELEASE74\org-netbeans-bootstrap-RELEASE74.jar;C:\Users\hp\.m2\repository\org\netbeans\modules\org-netbeans-core-startup\RELEASE74\org-netbeans-core-startup-RELEASE74.jar;C:\Users\hp\.m2\repository\org\netbeans\api\org-netbeans-swing-plaf\RELEASE74\org-netbeans-swing-plaf-RELEASE74.jar;C:\Users\hp\.m2\repository\org\netbeans\api\org-netbeans-modules-options-api\RELEASE74\org-netbeans-modules-options-api-RELEASE74.jar;C:\Users\hp\.m2\repository\org\netbeans\api\org-netbeans-modules-sampler\RELEASE74\org-netbeans-modules-sampler-RELEASE74.jar;C:\Users\hp\.m2\repository\org\netbeans\modules\org-netbeans-modules-db-metadata-model\RELEASE74\org-netbeans-modules-db-metadata-model-RELEASE74.jar;C:\Users\hp\.m2\repository\org\netbeans\api\org-netbeans-modules-javahelp\RELEASE74\org-netbeans-modules-javahelp-RELEASE74.jar;C:\Users\hp\.m2\repository\org\netbeans\api\org-netbeans-spi-quicksearch\RELEASE74\org-netbeans-spi-quicksearch-RELEASE74.jar;C:\Users\hp\.m2\repository\javax\help\javahelp\2.0.05\javahelp-2.0.05.jar;C:\Users\hp\.m2\repository\org\netbeans\api\org-netbeans-modules-keyring\RELEASE74\org-netbeans-modules-keyring-RELEASE74.jar;C:\Users\hp\.m2\repository\org\netbeans\api\org-netbeans-modules-project-libraries\RELEASE74\org-netbeans-modules-project-libraries-RELEASE74.jar;C:\Users\hp\.m2\repository\org\netbeans\api\org-netbeans-modules-projectapi\RELEASE74\org-netbeans-modules-projectapi-RELEASE74.jar;C:\Users\hp\.m2\repository\org\netbeans\api\org-netbeans-modules-projectuiapi\RELEASE74\org-netbeans-modules-projectuiapi-RELEASE74.jar;C:\Users\hp\.m2\repository\org\netbeans\api\org-openide-awt\RELEASE74\org-openide-awt-RELEASE74.jar;C:\Users\hp\.m2\repository\org\netbeans\api\org-openide-dialogs\RELEASE74\org-openide-dialogs-RELEASE74.jar;C:\Users\hp\.m2\repository\org\netbeans\api\org-openide-explorer\RELEASE74\org-openide-explorer-RELEASE74.jar;C:\Users\hp\.m2\repository\org\netbeans\api\org-netbeans-swing-outline\RELEASE74\org-netbeans-swing-outline-RELEASE74.jar;C:\Users\hp\.m2\repository\org\netbeans\api\org-netbeans-swing-tabcontrol\RELEASE74\org-netbeans-swing-tabcontrol-RELEASE74.jar;C:\Users\hp\.m2\repository\org\netbeans\api\org-openide-filesystems\RELEASE74\org-openide-filesystems-RELEASE74.jar;C:\Users\hp\.m2\repository\org\netbeans\api\org-openide-io\RELEASE74\org-openide-io-RELEASE74.jar;C:\Users\hp\.m2\repository\org\netbeans\api\org-openide-loaders\RELEASE74\org-openide-loaders-RELEASE74.jar;C:\Users\hp\.m2\repository\org\netbeans\api\org-netbeans-modules-editor-mimelookup\RELEASE74\org-netbeans-modules-editor-mimelookup-RELEASE74.jar;C:\Users\hp\.m2\repository\org\netbeans\api\org-netbeans-modules-queries\RELEASE74\org-netbeans-modules-queries-RELEASE74.jar;C:\Users\hp\.m2\repository\org\netbeans\api\org-openide-actions\RELEASE74\org-openide-actions-RELEASE74.jar;C:\Users\hp\.m2\repository\org\netbeans\api\org-openide-text\RELEASE74\org-openide-text-RELEASE74.jar;C:\Users\hp\.m2\repository\org\netbeans\api\org-openide-nodes\RELEASE74\org-openide-nodes-RELEASE74.jar;C:\Users\hp\.m2\repository\org\netbeans\external\ddl\RELEASE74\ddl-RELEASE74.jar;C:\Users\hp\.m2\repository\org\netbeans\api\org-openide-windows\RELEASE74\org-openide-windows-RELEASE74.jar;C:\Users\hp\.m2\repository\org\json\json\20190722\json-20190722.jar;C:\Users\hp\.m2\repository\com\googlecode\json-simple\json-simple\1.1\json-simple-1.1.jar;C:\Users\hp\.m2\repository\org\jbundle\util\osgi\org.jbundle.util.osgi\1.1.1\org.jbundle.util.osgi-1.1.1.jar;C:\Users\hp\.m2\repository\org\apache\maven\plugins\maven-resources-plugin\2.2\maven-resources-plugin-2.2.jar;C:\Users\hp\.m2\repository\org\apache\maven\maven-plugin-api\2.0\maven-plugin-api-2.0.jar;C:\Users\hp\.m2\repository\org\apache\maven\maven-model\2.0\maven-model-2.0.jar;C:\Users\hp\.m2\repository\com\opencsv\opencsv\3.8\opencsv-3.8.jar;C:\Users\hp\.m2\repository\commons-beanutils\commons-beanutils\1.9.2\commons-beanutils-1.9.2.jar;C:\Users\hp\.m2\repository\org\apache\commons\commons-csv\1.4\commons-csv-1.4.jar;C:\Users\hp\.m2\repository\org\apache\maven\maven-project\2.2.1\maven-project-2.2.1.jar;C:\Users\hp\.m2\repository\org\apache\maven\maven-settings\2.2.1\maven-settings-2.2.1.jar;C:\Users\hp\.m2\repository\org\apache\maven\maven-profile\2.2.1\maven-profile-2.2.1.jar;C:\Users\hp\.m2\repository\org\apache\maven\maven-artifact-manager\2.2.1\maven-artifact-manager-2.2.1.jar;C:\Users\hp\.m2\repository\org\apache\maven\maven-repository-metadata\2.2.1\maven-repository-metadata-2.2.1.jar;C:\Users\hp\.m2\repository\org\apache\maven\wagon\wagon-provider-api\1.0-beta-6\wagon-provider-api-1.0-beta-6.jar;C:\Users\hp\.m2\repository\backport-util-concurrent\backport-util-concurrent\3.1\backport-util-concurrent-3.1.jar;C:\Users\hp\.m2\repository\org\apache\maven\maven-plugin-registry\2.2.1\maven-plugin-registry-2.2.1.jar;C:\Users\hp\.m2\repository\org\codehaus\plexus\plexus-interpolation\1.11\plexus-interpolation-1.11.jar;C:\Users\hp\.m2\repository\org\codehaus\plexus\plexus-utils\1.5.15\plexus-utils-1.5.15.jar;C:\Users\hp\.m2\repository\org\apache\maven\maven-artifact\2.2.1\maven-artifact-2.2.1.jar;C:\Users\hp\.m2\repository\org\codehaus\plexus\plexus-container-default\1.0-alpha-9-stable-1\plexus-container-default-1.0-alpha-9-stable-1.jar;C:\Users\hp\.m2\repository\classworlds\classworlds\1.1-alpha-2\classworlds-1.1-alpha-2.jar;C:\Users\hp\.m2\repository\com\sun\mail\javax.mail\1.5.5\javax.mail-1.5.5.jar;C:\Users\hp\.m2\repository\javax\activation\activation\1.1\activation-1.1.jar;C:\Users\hp\.m2\repository\net\sourceforge\javacsv\javacsv\2.0\javacsv-2.0.jar;C:\Users\hp\.m2\repository\org\slf4j\slf4j-log4j12\1.7.12\slf4j-log4j12-1.7.12.jar;C:\Users\hp\.m2\repository\org\slf4j\slf4j-api\1.7.12\slf4j-api-1.7.12.jar;C:\Users\hp\.m2\repository\org\apache\logging\log4j\log4j-core\2.13.1\log4j-core-2.13.1.jar;C:\Users\hp\.m2\repository\org\apache\logging\log4j\log4j-api\2.13.1\log4j-api-2.13.1.jar;C:\Users\hp\.m2\repository\log4j\log4j\1.2.17\log4j-1.2.17.jar;C:\Users\hp\.m2\repository\org\seleniumhq\selenium\selenium-java\3.14.0\selenium-java-3.14.0.jar;C:\Users\hp\.m2\repository\org\seleniumhq\selenium\selenium-api\3.14.0\selenium-api-3.14.0.jar;C:\Users\hp\.m2\repository\org\seleniumhq\selenium\selenium-chrome-driver\3.14.0\selenium-chrome-driver-3.14.0.jar;C:\Users\hp\.m2\repository\org\seleniumhq\selenium\selenium-edge-driver\3.14.0\selenium-edge-driver-3.14.0.jar;C:\Users\hp\.m2\repository\org\seleniumhq\selenium\selenium-firefox-driver\3.14.0\selenium-firefox-driver-3.14.0.jar;C:\Users\hp\.m2\repository\org\seleniumhq\selenium\selenium-ie-driver\3.14.0\selenium-ie-driver-3.14.0.jar;C:\Users\hp\.m2\repository\org\seleniumhq\selenium\selenium-opera-driver\3.14.0\selenium-opera-driver-3.14.0.jar;C:\Users\hp\.m2\repository\org\seleniumhq\selenium\selenium-remote-driver\3.14.0\selenium-remote-driver-3.14.0.jar;C:\Users\hp\.m2\repository\org\seleniumhq\selenium\selenium-safari-driver\3.14.0\selenium-safari-driver-3.14.0.jar;C:\Users\hp\.m2\repository\org\seleniumhq\selenium\selenium-support\3.14.0\selenium-support-3.14.0.jar;C:\Users\hp\.m2\repository\net\bytebuddy\byte-buddy\1.8.15\byte-buddy-1.8.15.jar;C:\Users\hp\.m2\repository\org\apache\commons\commons-exec\1.3\commons-exec-1.3.jar;C:\Users\hp\.m2\repository\commons-codec\commons-codec\1.10\commons-codec-1.10.jar;C:\Users\hp\.m2\repository\commons-logging\commons-logging\1.2\commons-logging-1.2.jar;C:\Users\hp\.m2\repository\com\google\guava\guava\25.0-jre\guava-25.0-jre.jar;C:\Users\hp\.m2\repository\com\google\code\findbugs\jsr305\1.3.9\jsr305-1.3.9.jar;C:\Users\hp\.m2\repository\org\checkerframework\checker-compat-qual\2.0.0\checker-compat-qual-2.0.0.jar;C:\Users\hp\.m2\repository\com\google\errorprone\error_prone_annotations\2.1.3\error_prone_annotations-2.1.3.jar;C:\Users\hp\.m2\repository\com\google\j2objc\j2objc-annotations\1.1\j2objc-annotations-1.1.jar;C:\Users\hp\.m2\repository\org\codehaus\mojo\animal-sniffer-annotations\1.14\animal-sniffer-annotations-1.14.jar;C:\Users\hp\.m2\repository\org\apache\httpcomponents\httpcore\4.4.9\httpcore-4.4.9.jar;C:\Users\hp\.m2\repository\com\squareup\okhttp3\okhttp\3.10.0\okhttp-3.10.0.jar;C:\Users\hp\.m2\repository\com\squareup\okio\okio\1.14.1\okio-1.14.1.jar;C:\Users\hp\.m2\repository\com\codeborne\phantomjsdriver\1.4.1\phantomjsdriver-1.4.1.jar;C:\Users\hp\.m2\repository\org\seleniumhq\selenium\selenium-server\3.4.0\selenium-server-3.4.0.jar;C:\Users\hp\.m2\repository\cglib\cglib-nodep\3.2.4\cglib-nodep-3.2.4.jar;C:\Users\hp\.m2\repository\commons-io\commons-io\2.5\commons-io-2.5.jar;C:\Users\hp\.m2\repository\org\w3c\css\sac\1.3\sac-1.3.jar;C:\Users\hp\.m2\repository\net\sourceforge\cssparser\cssparser\0.9.22\cssparser-0.9.22.jar;C:\Users\hp\.m2\repository\net\sourceforge\htmlunit\htmlunit\2.26\htmlunit-2.26.jar;C:\Users\hp\.m2\repository\net\sourceforge\htmlunit\htmlunit-core-js\2.26\htmlunit-core-js-2.26.jar;C:\Users\hp\.m2\repository\net\sourceforge\htmlunit\neko-htmlunit\2.25\neko-htmlunit-2.25.jar;C:\Users\hp\.m2\repository\net\jcip\jcip-annotations\1.0\jcip-annotations-1.0.jar;C:\Users\hp\.m2\repository\org\seleniumhq\selenium\jetty-repacked\9.4.1.v20170120\jetty-repacked-9.4.1.v20170120.jar;C:\Users\hp\.m2\repository\org\eclipse\jetty\jetty-io\9.4.1.v20170120\jetty-io-9.4.1.v20170120.jar;C:\Users\hp\.m2\repository\org\eclipse\jetty\jetty-util\9.4.1.v20170120\jetty-util-9.4.1.v20170120.jar;C:\Users\hp\.m2\repository\net\java\dev\jna\jna\4.1.0\jna-4.1.0.jar;C:\Users\hp\.m2\repository\net\java\dev\jna\jna-platform\4.1.0\jna-platform-4.1.0.jar;C:\Users\hp\.m2\repository\junit\junit\4.12\junit-4.12.jar;C:\Users\hp\.m2\repository\org\seleniumhq\selenium\htmlunit-driver\2.26\htmlunit-driver-2.26.jar;C:\Users\hp\.m2\repository\javax\servlet\javax.servlet-api\3.1.0\javax.servlet-api-3.1.0.jar;C:\Users\hp\.m2\repository\org\eclipse\jetty\websocket\websocket-api\9.4.3.v20170317\websocket-api-9.4.3.v20170317.jar;C:\Users\hp\.m2\repository\org\eclipse\jetty\websocket\websocket-client\9.4.3.v20170317\websocket-client-9.4.3.v20170317.jar;C:\Users\hp\.m2\repository\org\eclipse\jetty\jetty-client\9.4.3.v20170317\jetty-client-9.4.3.v20170317.jar;C:\Users\hp\.m2\repository\org\eclipse\jetty\jetty-http\9.4.3.v20170317\jetty-http-9.4.3.v20170317.jar;C:\Users\hp\.m2\repository\org\eclipse\jetty\websocket\websocket-common\9.4.3.v20170317\websocket-common-9.4.3.v20170317.jar;C:\Users\hp\.m2\repository\xalan\serializer\2.7.2\serializer-2.7.2.jar;C:\Users\hp\.m2\repository\xalan\xalan\2.7.2\xalan-2.7.2.jar;C:\Users\hp\.m2\repository\xerces\xercesImpl\2.11.0\xercesImpl-2.11.0.jar;C:\Users\hp\.m2\repository\xml-apis\xml-apis\1.4.01\xml-apis-1.4.01.jar;C:\Users\hp\.m2\repository\org\yaml\snakeyaml\1.15\snakeyaml-1.15.jar;C:\Users\hp\.m2\repository\com\jayway\jsonpath\json-path\2.2.0\json-path-2.2.0.jar;C:\Users\hp\.m2\repository\net\minidev\json-smart\2.2.1\json-smart-2.2.1.jar;C:\Users\hp\.m2\repository\net\minidev\accessors-smart\1.1\accessors-smart-1.1.jar;C:\Users\hp\.m2\repository\io\github\bonigarcia\webdrivermanager\3.3.0\webdrivermanager-3.3.0.jar;C:\Users\hp\.m2\repository\org\rauschig\jarchivelib\1.0.0\jarchivelib-1.0.0.jar;C:\Users\hp\.m2\repository\org\apache\commons\commons-compress\1.18\commons-compress-1.18.jar;C:\Users\hp\.m2\repository\org\jsoup\jsoup\1.11.3\jsoup-1.11.3.jar;C:\Users\hp\.m2\repository\org\seleniumhq\selenium\selenium-htmlunit-driver\2.52.0\selenium-htmlunit-driver-2.52.0.jar;C:\Users\hp\.m2\repository\commons-collections\commons-collections\3.2.2\commons-collections-3.2.2.jar;C:\Users\hp\.m2\repository\ru\yandex\qatools\ashot\ashot\1.5.3\ashot-1.5.3.jar;C:\Users\hp\.m2\repository\com\googlecode\lambdaj\lambdaj\2.3.3\lambdaj-2.3.3.jar;C:\Users\hp\.m2\repository\org\hamcrest\hamcrest-all\1.1\hamcrest-all-1.1.jar;C:\Users\hp\.m2\repository\org\objenesis\objenesis\1.2\objenesis-1.2.jar;C:\Users\hp\.m2\repository\com\jcraft\jsch\0.1.54\jsch-0.1.54.jar;C:\Users\hp\.m2\repository\com\beust\jcommander\1.27\jcommander-1.27.jar;C:\Users\hp\.m2\repository\org\testng\testng\6.9.10\testng-6.9.10.jar;C:\Users\hp\.m2\repository\org\beanshell\bsh\2.0b4\bsh-2.0b4.jar;C:\Users\hp\.m2\repository\org\seleniumhq\selenium\selenium-android-driver\2.39.0\selenium-android-driver-2.39.0.jar;C:\Users\hp\.m2\repository\io\appium\java-client\7.3.0\java-client-7.3.0.jar;C:\Users\hp\.m2\repository\cglib\cglib\3.2.12\cglib-3.2.12.jar;C:\Users\hp\.m2\repository\org\ow2\asm\asm\7.1\asm-7.1.jar;C:\Users\hp\.m2\repository\commons-validator\commons-validator\1.6\commons-validator-1.6.jar;C:\Users\hp\.m2\repository\commons-digester\commons-digester\1.8.1\commons-digester-1.8.1.jar;C:\Users\hp\.m2\repository\org\springframework\spring-context\5.1.8.RELEASE\spring-context-5.1.8.RELEASE.jar;C:\Users\hp\.m2\repository\org\springframework\spring-aop\5.1.8.RELEASE\spring-aop-5.1.8.RELEASE.jar;C:\Users\hp\.m2\repository\org\springframework\spring-beans\5.1.8.RELEASE\spring-beans-5.1.8.RELEASE.jar;C:\Users\hp\.m2\repository\org\springframework\spring-core\5.1.8.RELEASE\spring-core-5.1.8.RELEASE.jar;C:\Users\hp\.m2\repository\org\springframework\spring-jcl\5.1.8.RELEASE\spring-jcl-5.1.8.RELEASE.jar;C:\Users\hp\.m2\repository\org\springframework\spring-expression\5.1.8.RELEASE\spring-expression-5.1.8.RELEASE.jar;C:\Users\hp\.m2\repository\org\aspectj\aspectjweaver\1.9.4\aspectjweaver-1.9.4.jar;C:\Users\hp\.m2\repository\org\apache\poi\poi\3.17\poi-3.17.jar;C:\Users\hp\.m2\repository\org\apache\commons\commons-collections4\4.1\commons-collections4-4.1.jar;C:\Users\hp\.m2\repository\com\aventstack\extentreports\4.1.2\extentreports-4.1.2.jar;C:\Users\hp\.m2\repository\org\freemarker\freemarker\2.3.29\freemarker-2.3.29.jar;C:\Users\hp\.m2\repository\org\mongodb\mongodb-driver\3.12.0\mongodb-driver-3.12.0.jar;C:\Users\hp\.m2\repository\org\mongodb\mongodb-driver-core\3.12.0\mongodb-driver-core-3.12.0.jar;C:\Users\hp\.m2\repository\org\mongodb\bson\3.12.0\bson-3.12.0.jar;C:\Users\hp\.m2\repository\org\apache\poi\poi-ooxml\3.17\poi-ooxml-3.17.jar;C:\Users\hp\.m2\repository\org\apache\poi\poi-ooxml-schemas\3.17\poi-ooxml-schemas-3.17.jar;C:\Users\hp\.m2\repository\org\apache\xmlbeans\xmlbeans\2.6.0\xmlbeans-2.6.0.jar;C:\Users\hp\.m2\repository\stax\stax-api\1.0.1\stax-api-1.0.1.jar;C:\Users\hp\.m2\repository\com\github\virtuald\curvesapi\1.04\curvesapi-1.04.jar;"/>
    <property name="sun.cpu.endian" value="little"/>
    <property name="user.home" value="C:\Users\hp"/>
    <property name="user.language" value="en"/>
    <property name="java.specification.vendor" value="Oracle Corporation"/>
    <property name="java.home" value="C:\Program Files\Java\jre1.8.0_231"/>
    <property name="basedir" value="D:\ProjectSelenium\Appium_Framework"/>
    <property name="file.separator" value="\"/>
    <property name="line.separator" value="&#10;"/>
    <property name="java.vm.specification.vendor" value="Oracle Corporation"/>
    <property name="java.specification.name" value="Java Platform API Specification"/>
    <property name="java.awt.graphicsenv" value="sun.awt.Win32GraphicsEnvironment"/>
    <property name="surefire.real.class.path" value="C:\Users\hp\AppData\Local\Temp\surefire3581693315782668675\surefirebooter4167420013977807122.jar"/>
    <property name="sun.boot.class.path" value="C:\Program Files\Java\jre1.8.0_231\lib\resources.jar;C:\Program Files\Java\jre1.8.0_231\lib\rt.jar;C:\Program Files\Java\jre1.8.0_231\lib\sunrsasign.jar;C:\Program Files\Java\jre1.8.0_231\lib\jsse.jar;C:\Program Files\Java\jre1.8.0_231\lib\jce.jar;C:\Program Files\Java\jre1.8.0_231\lib\charsets.jar;C:\Program Files\Java\jre1.8.0_231\lib\jfr.jar;C:\Program Files\Java\jre1.8.0_231\classes"/>
    <property name="user.script" value=""/>
    <property name="sun.management.compiler" value="HotSpot 64-Bit Tiered Compilers"/>
    <property name="java.runtime.version" value="1.8.0_231-b11"/>
    <property name="user.name" value="VICKY"/>
    <property name="path.separator" value=";"/>
    <property name="os.version" value="10.0"/>
    <property name="java.endorsed.dirs" value="C:\Program Files\Java\jre1.8.0_231\lib\endorsed"/>
    <property name="java.runtime.name" value="Java(TM) SE Runtime Environment"/>
    <property name="file.encoding" value="Cp1252"/>
    <property name="java.vm.name" value="Java HotSpot(TM) 64-Bit Server VM"/>
    <property name="localRepository" value="C:\Users\hp\.m2\repository"/>
    <property name="java.vendor.url.bug" value="http://bugreport.sun.com/bugreport/"/>
    <property name="java.io.tmpdir" value="C:\Users\hp\AppData\Local\Temp\"/>
    <property name="java.version" value="1.8.0_231"/>
    <property name="user.dir" value="D:\ProjectSelenium\Appium_Framework"/>
    <property name="os.arch" value="amd64"/>
    <property name="java.vm.specification.name" value="Java Virtual Machine Specification"/>
    <property name="java.awt.printerjob" value="sun.awt.windows.WPrinterJob"/>
    <property name="sun.os.patch.level" value=""/>
    <property name="java.library.path" value="C:\Program Files\Java\jre1.8.0_231\bin;C:\WINDOWS\Sun\Java\bin;C:\WINDOWS\system32;C:\WINDOWS;C:/Program Files/Java/jre1.8.0_231/bin/server;C:/Program Files/Java/jre1.8.0_231/bin;C:/Program Files/Java/jre1.8.0_231/lib/amd64;C:\ProgramData\DockerDesktop\version-bin;C:\Program Files\Docker\Docker\Resources\bin;C:\Program Files (x86)\Common Files\Oracle\Java\javapath;C:\WINDOWS\system32;C:\WINDOWS;C:\WINDOWS\System32\Wbem;C:\WINDOWS\System32\WindowsPowerShell\v1.0\;C:\WINDOWS\System32\OpenSSH\;C:\Program Files\nodejs;C:\ProgramData\chocolatey\bin;C:\Program Files\Git\cmd;C:\strawberry\c\bin;C:\strawberry\perl\bin;C:\Program Files\PowerShell\6\;C:\Program Files\Android\Android Studio\bin;C:\Users\hp\AppData\Local\Android\Sdk\platform-tools;C:\Users\hp\AppData\Local\Android\Sdk\tools;C:\Users\hp\AppData\Local\Android\Sdk\build-tools;C:\wamp64\bin\php\php7.2.33;C:\ProgramData\ComposerSetup\bin;C:\Program Files\nodejs\;C:\Program Files\Java\jdk1.8.0_231\bin;C:\apache-maven-3.6.3\bin;C:\Gradle\bin;C:\Program Files\MySQL\MySQL Shell 8.0\bin\;C:\Program Files\Java\jdk1.8.0_231\bin;C:\Users\hp\AppData\Local\Microsoft\WindowsApps;C:\Users\hp\AppData\Roaming\Composer\vendor\drush\drush;C:\php7;C:\composer;C:\Users\hp\AppData\Roaming\Composer\vendor\bin;C:\Users\hp\AppData\Roaming\npm;C:\Users\hp\Desktop;;."/>
    <property name="java.vm.info" value="mixed mode"/>
    <property name="java.vendor" value="Oracle Corporation"/>
    <property name="java.vm.version" value="25.231-b11"/>
    <property name="java.ext.dirs" value="C:\Program Files\Java\jre1.8.0_231\lib\ext;C:\WINDOWS\Sun\Java\lib\ext"/>
    <property name="sun.io.unicode.encoding" value="UnicodeLittle"/>
    <property name="java.class.version" value="52.0"/>
  </properties>
  <testcase name="InvalidUsernameTest" classname="com.TestCases.LoginTest" time="6.384"/>
</testsuite>