<?xml version="1.0" encoding="UTF-8"?>
<!-- Generated by org.testng.reporters.JUnitReportReporter -->
<testsuite hostname="VICKY" name="com.TestCases.LoginTest" tests="6" failures="0" timestamp="30 Dec 2020 05:18:53 GMT" time="70.798" errors="0">
  <testcase name="validUsernameTest" time="15.586" classname="com.TestCases.LoginTest"/>
  <testcase name="invalidPasswordTest" time="8.710" classname="com.TestCases.LoginTest"/>
  <testcase name="invalidUsernameTest" time="12.011" classname="com.TestCases.LoginTest"/>
  <testcase name="validUsernameTest" time="10.878" classname="com.TestCases.LoginTest"/>
  <testcase name="invalidPasswordTest" time="7.789" classname="com.TestCases.LoginTest"/>
  <testcase name="invalidUsernameTest" time="15.824" classname="com.TestCases.LoginTest"/>
</testsuite> <!-- com.TestCases.LoginTest -->
