<?xml version="1.0" encoding="UTF-8"?>
<!-- Generated by org.testng.reporters.JUnitReportReporter -->
<testsuite hostname="VICKY" name="com.TestCases.LoginTest" tests="1" failures="0" timestamp="23 Dec 2020 07:03:01 GMT" time="15.596" errors="0">
  <testcase name="validUsernameTest" time="15.596" classname="com.TestCases.LoginTest"/>
</testsuite> <!-- com.TestCases.LoginTest -->
