<?xml version="1.0" encoding="UTF-8"?>
<!-- Generated by org.testng.reporters.JUnitReportReporter -->
<testsuite hostname="VICKY" name="com.TestCases.ProductCheckOutTest" tests="5" failures="0" timestamp="21 Dec 2020 11:54:05 GMT" time="38.183" errors="0">
  <testcase name="validateProductOnCartPage" time="4.651" classname="com.TestCases.ProductCheckOutTest"/>
  <testcase name="validateProductOnOverviewPage" time="9.837" classname="com.TestCases.ProductCheckOutTest"/>
  <testcase name="validateAddToCart" time="11.728" classname="com.TestCases.ProductCheckOutTest"/>
  <testcase name="validateProductOnInformationPage" time="8.852" classname="com.TestCases.ProductCheckOutTest"/>
  <testcase name="validateProductOrderSucess" time="3.115" classname="com.TestCases.ProductCheckOutTest"/>
</testsuite> <!-- com.TestCases.ProductCheckOutTest -->
