<?xml version="1.0" encoding="UTF-8"?>
<!-- Generated by org.testng.reporters.JUnitReportReporter -->
<testsuite hostname="VICKY" name="com.BaseClass.NewTest" tests="1" failures="0" timestamp="23 Dec 2020 05:58:27 GMT" time="33.791" errors="0">
  <testcase name="BrowserStack" time="33.791" classname="com.BaseClass.NewTest"/>
</testsuite> <!-- com.BaseClass.NewTest -->
