<?xml version="1.0" encoding="UTF-8"?>
<!-- Generated by org.testng.reporters.JUnitReportReporter -->
<testsuite hostname="VICKY" name="com.TestCases.ProductCheckOutTest" tests="5" failures="0" timestamp="22 Dec 2020 04:20:51 GMT" time="36.804" errors="0">
  <testcase name="validateProductOnInformationPage" time="6.062" classname="com.TestCases.ProductCheckOutTest"/>
  <testcase name="validateProductOnCartPage" time="4.306" classname="com.TestCases.ProductCheckOutTest"/>
  <testcase name="validateAddToCart" time="10.187" classname="com.TestCases.ProductCheckOutTest"/>
  <testcase name="validateProductOrderSucess" time="5.324" classname="com.TestCases.ProductCheckOutTest"/>
  <testcase name="validateProductOnOverviewPage" time="10.925" classname="com.TestCases.ProductCheckOutTest"/>
</testsuite> <!-- com.TestCases.ProductCheckOutTest -->
