<?xml version="1.0" encoding="UTF-8"?>
<!-- Generated by org.testng.reporters.JUnitReportReporter -->
<testsuite hostname="VICKY" name="com.TestCases.ProductInformationTest" tests="4" failures="0" timestamp="30 Dec 2020 05:18:53 GMT" time="158.280" errors="0">
  <testcase name="validateProductsOnProductPage" time="51.284" classname="com.TestCases.ProductInformationTest"/>
  <testcase name="validateProductsOnProductPage" time="25.565" classname="com.TestCases.ProductInformationTest"/>
  <testcase name="validateProductsOnProductDetailsPage" time="51.026" classname="com.TestCases.ProductInformationTest"/>
  <testcase name="validateProductsOnProductDetailsPage" time="30.405" classname="com.TestCases.ProductInformationTest"/>
</testsuite> <!-- com.TestCases.ProductInformationTest -->
