<?xml version="1.0" encoding="UTF-8"?>
<!-- Generated by org.testng.reporters.JUnitReportReporter -->
<testsuite hostname="VICKY" name="com.TestCases.ProductInformationTest" tests="2" failures="0" timestamp="23 Dec 2020 13:07:06 GMT" time="66.482" errors="0">
  <testcase name="validateProductsOnProductPage" time="30.836" classname="com.TestCases.ProductInformationTest"/>
  <testcase name="validateProductsOnProductDetailsPage" time="35.646" classname="com.TestCases.ProductInformationTest"/>
</testsuite> <!-- com.TestCases.ProductInformationTest -->
