<?xml version="1.0" encoding="UTF-8"?>
<!-- Generated by org.testng.reporters.JUnitReportReporter -->
<testsuite hostname="VICKY" name="com.TestCases.LoginTest" tests="3" failures="0" timestamp="23 Dec 2020 13:12:21 GMT" time="37.313" errors="0">
  <testcase name="invalidPasswordTest" time="7.913" classname="com.TestCases.LoginTest"/>
  <testcase name="invalidUsernameTest" time="14.820" classname="com.TestCases.LoginTest"/>
  <testcase name="validUsernameTest" time="14.580" classname="com.TestCases.LoginTest"/>
</testsuite> <!-- com.TestCases.LoginTest -->
