<?xml version="1.0" encoding="UTF-8"?>
<!-- Generated by org.testng.reporters.JUnitReportReporter -->
<testsuite hostname="VICKY" name="com.TestCases.ProductCheckOutTest" tests="10" failures="0" timestamp="30 Dec 2020 05:18:53 GMT" time="95.221" errors="0">
  <testcase name="validateProductOnCartPage" time="5.135" classname="com.TestCases.ProductCheckOutTest"/>
  <testcase name="validateProductOnInformationPage" time="8.045" classname="com.TestCases.ProductCheckOutTest"/>
  <testcase name="validateProductOrderSucess" time="5.533" classname="com.TestCases.ProductCheckOutTest"/>
  <testcase name="validateProductOnOverviewPage" time="17.086" classname="com.TestCases.ProductCheckOutTest"/>
  <testcase name="validateProductOrderSucess" time="7.844" classname="com.TestCases.ProductCheckOutTest"/>
  <testcase name="validateProductOnInformationPage" time="11.937" classname="com.TestCases.ProductCheckOutTest"/>
  <testcase name="validateProductOnCartPage" time="9.643" classname="com.TestCases.ProductCheckOutTest"/>
  <testcase name="validateProductOnOverviewPage" time="9.487" classname="com.TestCases.ProductCheckOutTest"/>
  <testcase name="validateAddToCart" time="11.505" classname="com.TestCases.ProductCheckOutTest"/>
  <testcase name="validateAddToCart" time="9.006" classname="com.TestCases.ProductCheckOutTest"/>
</testsuite> <!-- com.TestCases.ProductCheckOutTest -->
