<?xml version="1.0" encoding="UTF-8"?>
<!-- Generated by org.testng.reporters.JUnitReportReporter -->
<testsuite hostname="VICKY" name="com.TestCases.LoginTest" tests="1" failures="0" timestamp="14 Dec 2020 06:29:28 GMT" time="12.951" errors="0">
  <testcase name="InvalidUsernameTest" time="12.951" classname="com.TestCases.LoginTest"/>
</testsuite> <!-- com.TestCases.LoginTest -->
