<?xml version="1.0" encoding="UTF-8"?>
<!-- Generated by org.testng.reporters.JUnitReportReporter -->
<testsuite hostname="VICKY" name="com.TestCases.ProductInformationTest" tests="2" failures="0" timestamp="22 Dec 2020 04:20:51 GMT" time="58.411" errors="0">
  <testcase name="validateProductsOnProductPage" time="22.726" classname="com.TestCases.ProductInformationTest"/>
  <testcase name="validateProductsOnProductDetailsPage" time="35.685" classname="com.TestCases.ProductInformationTest"/>
</testsuite> <!-- com.TestCases.ProductInformationTest -->
