<?xml version="1.0" encoding="UTF-8"?>
<!-- Generated by org.testng.reporters.JUnitReportReporter -->
<testsuite hostname="VICKY" name="com.TestCases.ProductInformationTest" tests="2" failures="0" timestamp="23 Dec 2020 06:38:49 GMT" time="60.809" errors="0">
  <testcase name="validateProductsOnProductDetailsPage" time="39.038" classname="com.TestCases.ProductInformationTest"/>
  <testcase name="validateProductsOnProductPage" time="21.771" classname="com.TestCases.ProductInformationTest"/>
</testsuite> <!-- com.TestCases.ProductInformationTest -->
