<?xml version="1.0" encoding="UTF-8"?>
<!-- Generated by org.testng.reporters.JUnitReportReporter -->
<testsuite hostname="VICKY" name="com.TestCases.ProductCheckOutTest" tests="1" failures="0" timestamp="21 Dec 2020 10:38:04 GMT" time="50.850" errors="0">
  <testcase name="ProductAddedTest" time="50.850" classname="com.TestCases.ProductCheckOutTest"/>
</testsuite> <!-- com.TestCases.ProductCheckOutTest -->
