<?xml version="1.0" encoding="UTF-8"?>
<!-- Generated by org.testng.reporters.JUnitReportReporter -->
<testsuite hostname="VICKY" name="com.TestCases.LoginTest" tests="1" failures="0" timestamp="11 Dec 2020 07:14:46 GMT" time="9.780" errors="0">
  <testcase name="InvalidUsernameTest" time="9.780" classname="com.TestCases.LoginTest"/>
</testsuite> <!-- com.TestCases.LoginTest -->
