<?xml version="1.0" encoding="UTF-8"?>
<!-- Generated by org.testng.reporters.JUnitReportReporter -->
<testsuite hostname="VICKY" name="com.TestCases.LoginTest" tests="2" failures="0" timestamp="15 Dec 2020 09:48:00 GMT" time="21.617" errors="0">
  <testcase name="InvalidUsernameTest" time="11.510" classname="com.TestCases.LoginTest"/>
  <testcase name="InvalidUsernameTest" time="10.107" classname="com.TestCases.LoginTest"/>
</testsuite> <!-- com.TestCases.LoginTest -->
