<?xml version="1.0" encoding="UTF-8"?>
<!-- Generated by org.testng.reporters.JUnitReportReporter -->
<testsuite hostname="VICKY" name="com.TestCases.LoginTest" tests="1" failures="0" timestamp="15 Dec 2020 05:58:28 GMT" time="9.829" errors="0">
  <testcase name="InvalidUsernameTest" time="9.829" classname="com.TestCases.LoginTest"/>
</testsuite> <!-- com.TestCases.LoginTest -->
