<?xml version="1.0" encoding="UTF-8"?>
<!-- Generated by org.testng.reporters.JUnitReportReporter -->
<testsuite hostname="VICKY" name="com.TestCases.ProductCheckOutTest" tests="5" failures="0" timestamp="21 Dec 2020 12:11:16 GMT" time="41.230" errors="0">
  <testcase name="validateProductOnOverviewPage" time="10.304" classname="com.TestCases.ProductCheckOutTest"/>
  <testcase name="validateProductOrderSucess" time="5.913" classname="com.TestCases.ProductCheckOutTest"/>
  <testcase name="validateAddToCart" time="10.692" classname="com.TestCases.ProductCheckOutTest"/>
  <testcase name="validateProductOnCartPage" time="4.254" classname="com.TestCases.ProductCheckOutTest"/>
  <testcase name="validateProductOnInformationPage" time="10.067" classname="com.TestCases.ProductCheckOutTest"/>
</testsuite> <!-- com.TestCases.ProductCheckOutTest -->
